[2026-04-19T18:44:35Z] === ENRICH ITERATION 1 START | repo=webpack/webpack-dev-server sha=b550a702 ===
[2026-04-19T18:44:35Z] [iter=1] PHASE START: enrich repo=webpack/webpack-dev-server sha=b550a702 runlog=/home/runner/work/forx/forx/storage/aggregate/lsp/logs/b550a702-enrich-iter-001.log output=/home/runner/work/forx/forx/storage/aggregate/lsp/b550a702bd4246d1724513b70de0bfbe6604672f.nq.gz
[2026-04-19T18:45:43Z] [iter=1] Step 1: Loading AST into disk-backed store mem_mb=82 MB
[2026-04-19T18:45:50Z] [iter=1] AST store loaded triples=1052493 load_secs=6 mem_mb=938 MB
[2026-04-19T18:45:50Z] [iter=1] Step 2: Finding LSP targets mem_mb=938 MB
[2026-04-19T18:45:51Z] [iter=1] LSP targets found call_sites=12459 imports=17 extends=4 implements=0 secs=1
[2026-04-19T18:45:51Z] [iter=1] Step 2.7: Building position index (one-shot, shared across resolvers) mem_mb=938 MB
[2026-04-19T18:45:56Z] [iter=1] Position index built positions=69094 nodes_with_types=83778 secs=5 mem_mb=938 MB
[2026-04-19T18:45:56Z] [iter=1] Step 3: Starting LSP resolution mem_mb=938 MB already_completed_types=[] already_completed_files=0
[2026-04-19T18:45:56Z] [iter=1] Resolving target type target_type=call_site count=12459
[2026-04-19T18:45:56Z] [iter=1] HEARTBEAT target_type=call_site elapsed_min=1.4 files_done=0 resolved=0 errors=0 current=test/e2e/built-in-routes.test.js
[2026-04-19T18:46:30Z] [iter=1] HEARTBEAT target_type=call_site elapsed_min=1.9 files_done=1 resolved=0 errors=94 current=test/e2e/static-public-path.test.js
[2026-04-19T18:48:09Z] [iter=1] HEARTBEAT target_type=call_site elapsed_min=3.6 files_done=2 resolved=0 errors=382 current=test/e2e/overlay.test.js
[2026-04-19T18:51:00Z] [iter=1] HEARTBEAT target_type=call_site elapsed_min=6.4 files_done=3 resolved=3 errors=883 current=test/client/ReactErrorBoundary.test.js
[2026-04-19T18:52:09Z] [iter=1] HEARTBEAT target_type=call_site elapsed_min=7.6 files_done=5 resolved=5 errors=1084 current=test/e2e/host.test.js
[2026-04-19T18:53:08Z] [iter=1] HEARTBEAT target_type=call_site elapsed_min=8.6 files_done=7 resolved=7 errors=1256 current=test/cli/basic.test.js
[2026-04-19T18:54:31Z] [iter=1] HEARTBEAT target_type=call_site elapsed_min=9.9 files_done=9 resolved=9 errors=1497 current=test/e2e/range-header.test.js
[2026-04-19T18:55:55Z] [iter=1] HEARTBEAT target_type=call_site elapsed_min=11.3 files_done=12 resolved=35 errors=1743 current=test/e2e/allowed-hosts.test.js
[2026-04-19T18:58:39Z] [iter=1] HEARTBEAT target_type=call_site elapsed_min=14.1 files_done=13 resolved=35 errors=2221 current=test/e2e/server-and-client-transport.test.js
[2026-04-19T18:59:34Z] [iter=1] HEARTBEAT target_type=call_site elapsed_min=15.0 files_done=14 resolved=35 errors=2384 current=test/e2e/stats.test.js
[2026-04-19T19:00:26Z] [iter=1] HEARTBEAT target_type=call_site elapsed_min=15.8 files_done=18 resolved=55 errors=2534 current=test/e2e/history-api-fallback.test.js
[2026-04-19T19:01:21Z] [iter=1] HEARTBEAT target_type=call_site elapsed_min=16.8 files_done=19 resolved=57 errors=2696 current=test/e2e/multi-compiler.test.js
[2026-04-19T19:02:35Z] [iter=1] HEARTBEAT target_type=call_site elapsed_min=18.0 files_done=20 resolved=57 errors=2911 current=examples/server/http2/app.js
[2026-04-19T19:05:00Z] [iter=1] HEARTBEAT target_type=call_site elapsed_min=20.4 files_done=24 resolved=64 errors=3336 current=test/cli/compress-option.test.js
[2026-04-19T19:09:31Z] [iter=1] HEARTBEAT target_type=call_site elapsed_min=24.9 files_done=26 resolved=66 errors=4129 current=test/cli/hot-option.test.js
[2026-04-19T19:10:05Z] [iter=1] HEARTBEAT target_type=call_site elapsed_min=25.5 files_done=30 resolved=85 errors=4229 current=test/client/index.test.js
[2026-04-19T19:11:15Z] [iter=1] HEARTBEAT target_type=call_site elapsed_min=26.7 files_done=32 resolved=91 errors=4434 current=test/fixtures/multi-compiler-two-configurations/webpack.config.js
[2026-04-19T19:13:54Z] [iter=1] HEARTBEAT target_type=call_site elapsed_min=29.3 files_done=36 resolved=141 errors=4899 current=examples/history-api-fallback/app.js
[2026-04-19T19:14:27Z] [iter=1] HEARTBEAT target_type=call_site elapsed_min=29.9 files_done=40 resolved=150 errors=4996 current=examples/util.js
[2026-04-19T19:15:00Z] [iter=1] HEARTBEAT target_type=call_site elapsed_min=30.4 files_done=43 resolved=152 errors=5091 current=examples/open-target/webpack.config.js
[2026-04-19T19:15:33Z] [iter=1] HEARTBEAT target_type=call_site elapsed_min=31.0 files_done=47 resolved=172 errors=5186 current=test/fixtures/worker-config-dev-server-false/index.js
[2026-04-19T19:16:03Z] [iter=1] HEARTBEAT target_type=call_site elapsed_min=31.5 files_done=52 resolved=186 errors=5275 current=test/e2e/target.test.js
[2026-04-19T19:16:59Z] [iter=1] HEARTBEAT target_type=call_site elapsed_min=32.4 files_done=55 resolved=186 errors=5439 current=test/e2e/ipc.test.js
[2026-04-19T19:17:36Z] [iter=1] HEARTBEAT target_type=call_site elapsed_min=33.0 files_done=56 resolved=186 errors=5545 current=test/e2e/app.test.js
[2026-04-19T19:18:09Z] [iter=1] HEARTBEAT target_type=call_site elapsed_min=33.6 files_done=60 resolved=188 errors=5643 current=test/validate-options.test.js
[2026-04-19T19:18:39Z] [iter=1] HEARTBEAT target_type=call_site elapsed_min=34.1 files_done=62 resolved=198 errors=5731 current=test/client/bundle.test.js
[2026-04-19T19:19:09Z] [iter=1] HEARTBEAT target_type=call_site elapsed_min=34.6 files_done=67 resolved=206 errors=5819 current=test/fixtures/cli-single-entry/webpack.config.js
[2026-04-19T19:19:41Z] [iter=1] HEARTBEAT target_type=call_site elapsed_min=35.1 files_done=73 resolved=209 errors=5910 current=examples/client/progress/app.js
[2026-04-19T19:20:12Z] [iter=1] HEARTBEAT target_type=call_site elapsed_min=35.6 files_done=79 resolved=225 errors=6003 current=test/cli/server-option.test.js
[2026-04-19T19:20:43Z] [iter=1] HEARTBEAT target_type=call_site elapsed_min=36.1 files_done=89 resolved=232 errors=6092 current=examples/client/overlay/create-button.js
[2026-04-19T19:21:19Z] [iter=1] HEARTBEAT target_type=call_site elapsed_min=36.7 files_done=107 resolved=246 errors=6196 current=test/e2e/cross-origin-request.test.js
[2026-04-19T19:21:51Z] [iter=1] HEARTBEAT target_type=call_site elapsed_min=37.3 files_done=112 resolved=256 errors=6290 current=client-src/progress.js
[2026-04-19T19:22:23Z] [iter=1] HEARTBEAT target_type=call_site elapsed_min=37.8 files_done=140 resolved=286 errors=6382 current=client-src/clients/SockJSClient.js
[2026-04-19T19:22:53Z] [iter=1] HEARTBEAT target_type=call_site elapsed_min=38.3 files_done=201 resolved=320 errors=6468 current=test/fixtures/simple-config/foo.js
[2026-04-19T19:23:18Z] [iter=1] Target type resolved target_type=call_site resolved=382 errors=6533 secs=2242 mem_mb=938 MB
[2026-04-19T19:23:18Z] [iter=1] Resolving target type target_type=import_statement count=17
[2026-04-19T19:23:20Z] [iter=1] Target type resolved target_type=import_statement resolved=11 errors=0 secs=2 mem_mb=938 MB
[2026-04-19T19:23:20Z] [iter=1] Resolving target type target_type=extends_clause count=4
[2026-04-19T19:23:23Z] [iter=1] Target type resolved target_type=extends_clause resolved=4 errors=0 secs=3 mem_mb=938 MB
[2026-04-19T19:23:32Z] [iter=1] Step 5: Writing final enrichment file triples=100641
[2026-04-19T19:23:34Z] [iter=1] Enrichment file written path=/home/runner/work/forx/forx/storage/aggregate/lsp/b550a702bd4246d1724513b70de0bfbe6604672f.nq.gz size_kb=2107
[2026-04-19T19:23:34Z] [iter=1] PHASE END: enrich elapsed_s=2338 elapsed_min=39.0 total_triples=100641
